  Bullet.cpp
C:\Users\Ильнар\Documents\tanks\Player.h(18,14): error C2065: Bullet: необъявленный идентификатор
C:\Users\Ильнар\Documents\tanks\Player.h(18,21): error C2059: синтаксическая ошибка: >
  Enemy.cpp
C:\Users\Ильнар\Documents\tanks\Player.h(18,14): error C2065: Bullet: необъявленный идентификатор
C:\Users\Ильнар\Documents\tanks\Player.h(18,21): error C2059: синтаксическая ошибка: >
C:\Users\Ильнар\Documents\tanks\Enemy.cpp(11,47): warning C4244: аргумент: преобразование "float" в "T", возможна потеря данных
          with
          [
              T=int
          ]
C:\Users\Ильнар\Documents\tanks\Enemy.cpp(11,44): warning C4244: аргумент: преобразование "float" в "T", возможна потеря данных
          with
          [
              T=int
          ]
C:\Users\Ильнар\Documents\tanks\Enemy.cpp(32,18): warning C4244: инициализация: преобразование "float" в "int", возможна потеря данных
  Entity.cpp
C:\Users\Ильнар\Documents\tanks\Entity.cpp(20,12): warning C4244: =: преобразование "int" в "float", возможна потеря данных
  main.cpp
  Player.cpp
C:\Users\Ильнар\Documents\tanks\Player.cpp(10,47): warning C4244: аргумент: преобразование "float" в "T", возможна потеря данных
          with
          [
              T=int
          ]
C:\Users\Ильнар\Documents\tanks\Player.cpp(10,44): warning C4244: аргумент: преобразование "float" в "T", возможна потеря данных
          with
          [
              T=int
          ]
C:\Users\Ильнар\Documents\tanks\Player.cpp(65,98): warning C4244: аргумент: преобразование "double" в "float32", возможна потеря данных
C:\Users\Ильнар\Documents\tanks\Player.cpp(65,61): warning C4244: аргумент: преобразование "double" в "float32", возможна потеря данных
  Scene.cpp
  World.cpp
  Создание кода...
