  Bullet.cpp
C:\Users\r2d2t\Desktop\tanks1\tanks\Player.h(18,14): error C2065: 'Bullet': undeclared identifier
C:\Users\r2d2t\Desktop\tanks1\tanks\Player.h(18,21): error C2059: syntax error: '>'
  Enemy.cpp
C:\Users\r2d2t\Desktop\tanks1\tanks\Player.h(18,14): error C2065: 'Bullet': undeclared identifier
C:\Users\r2d2t\Desktop\tanks1\tanks\Player.h(18,21): error C2059: syntax error: '>'
C:\Users\r2d2t\Desktop\tanks1\tanks\Enemy.cpp(11,47): warning C4244: 'argument': conversion from 'float' to 'T', possible loss of data
          with
          [
              T=int
          ]
C:\Users\r2d2t\Desktop\tanks1\tanks\Enemy.cpp(11,44): warning C4244: 'argument': conversion from 'float' to 'T', possible loss of data
          with
          [
              T=int
          ]
C:\Users\r2d2t\Desktop\tanks1\tanks\Enemy.cpp(32,18): warning C4244: 'initializing': conversion from 'float' to 'int', possible loss of data
  main.cpp
  Player.cpp
C:\Users\r2d2t\Desktop\tanks1\tanks\Player.cpp(10,47): warning C4244: 'argument': conversion from 'float' to 'T', possible loss of data
          with
          [
              T=int
          ]
C:\Users\r2d2t\Desktop\tanks1\tanks\Player.cpp(10,44): warning C4244: 'argument': conversion from 'float' to 'T', possible loss of data
          with
          [
              T=int
          ]
C:\Users\r2d2t\Desktop\tanks1\tanks\Player.cpp(65,98): warning C4244: 'argument': conversion from 'double' to 'float32', possible loss of data
C:\Users\r2d2t\Desktop\tanks1\tanks\Player.cpp(65,61): warning C4244: 'argument': conversion from 'double' to 'float32', possible loss of data
  Scene.cpp
  World.cpp
  Generating Code...
